<?xml version="1.0" encoding="UTF-8"?>
<testng-results ignored="0" total="1" passed="1" failed="0" skipped="0">
  <reporter-output>
  </reporter-output>
  <suite started-at="2023-11-09T14:30:39 IST" name="Default suite" finished-at="2023-11-09T14:30:39 IST" duration-ms="76">
    <groups>
    </groups>
    <test started-at="2023-11-09T14:30:39 IST" name="Default test" finished-at="2023-11-09T14:30:39 IST" duration-ms="76">
      <class name="parameterized_constructor.TestClass">
        <test-method signature="test1()[pri:0, instance:parameterized_constructor.TestClass@5c5eefef]" started-at="2023-11-09T14:30:39 IST" name="test1" finished-at="2023-11-09T14:30:39 IST" duration-ms="13" status="PASS">
          <reporter-output>
          </reporter-output>
        </test-method> <!-- test1 -->
      </class> <!-- parameterized_constructor.TestClass -->
    </test> <!-- Default test -->
  </suite> <!-- Default suite -->
</testng-results>
